-------------------------------------------------------------------------------
Test set: ContaPoupancaTest
-------------------------------------------------------------------------------
Tests run: 1, Failures: 1, Errors: 0, Skipped: 0, Time elapsed: 0.032 s <<< FAILURE! - in ContaPoupancaTest
testPagamentoComSaldoSuficiente  Time elapsed: 0.026 s  <<< FAILURE!
org.opentest4j.AssertionFailedError: expected: <0.0> but was: <100.0>
	at ContaPoupancaTest.testPagamentoComSaldoSuficiente(ContaPoupancaTest.java:20)

